2023-01-13 20:47:36,805  Statring log for harshit 
----------------------------------------------------------------------------------------------------------------------------------
2023-01-13 20:47:36,806  checking 08:48 pm for next process
2023-01-13 20:48:00,000  harshit are wait for 0 hours : 01 minutes : 00 seconds time for start operation
2023-01-13 20:48:00,017  Starting new HTTP connection (1): 127.0.0.1:5000
2023-01-13 20:48:00,175  http://127.0.0.1:5000 "POST /erp HTTP/1.1" 200 5828
2023-01-13 20:48:00,177  [POST] http://127.0.0.1:5000/erp are add new data {'fullname': 'Kapil Pandya', 'email': 'kapilpandya1310@gmail.com', 'phone': '+919847392623', 'pos': 'sd', 'dob': '2000-08-08', 'company': 'Hexaview', 'address': 'Puna'}
2023-01-13 20:48:00,177  checking 08:50 pm for next process
2023-01-13 20:50:00,000  harshit are wait for 0 hours : 02 minutes : 00 seconds time for start operation
2023-01-13 20:50:00,002  Starting new HTTP connection (1): 127.0.0.1:5000
2023-01-13 20:50:00,009  http://127.0.0.1:5000 "PUT /erp HTTP/1.1" 405 153
2023-01-13 20:50:00,010  [PUT] http://127.0.0.1:5000/erp update data {'fullname': 'Kapil Pandya', 'email': 'kapilpandya1310@gmail.com', 'phone': '+919847392623', 'pos': 'sales', 'dob': '2000-08-08', 'company': 'Hexaview', 'address': 'Puna'}
2023-01-13 20:50:00,010  checking 08:52 pm for next process
2023-01-13 20:52:00,000  harshit are wait for 0 hours : 02 minutes : 00 seconds time for start operation
2023-01-13 20:52:00,007  Starting new HTTP connection (1): 127.0.0.1:5000
2023-01-13 20:52:00,155  http://127.0.0.1:5000 "GET /erp HTTP/1.1" 200 5754
2023-01-13 20:52:00,170  harshit are going to logout!
----------------------------------------------------------------------------------------------------------------------------------
2023-01-13 20:59:24,113  Statring log for harshit 
----------------------------------------------------------------------------------------------------------------------------------
2023-01-13 20:59:24,114  checking 08:59 pm for next process
2023-01-13 20:59:24,145  End log for harshit after 5:30:00.031982 time
----------------------------------------------------------------------------------------------------------------------------------
2023-01-13 21:00:11,913  Statring log for harshit 
----------------------------------------------------------------------------------------------------------------------------------
2023-01-13 21:00:11,913  checking 08:59 pm for next process
2023-01-13 21:00:11,917  08:59 is less then current time
2023-01-13 21:00:11,917  checking 09:00 pm for next process
2023-01-13 21:00:11,923  Starting new HTTP connection (1): 127.0.0.1:5000
2023-01-13 21:00:11,931  http://127.0.0.1:5000 "PUT /erp HTTP/1.1" 405 153
2023-01-13 21:00:11,932  [Error] 405
2023-01-13 21:00:11,933  checking 09:01 pm for next process
2023-01-13 21:00:11,933  harshit are wait for 0 hours : 01 minutes : 00 seconds time for start operation
2023-01-13 21:01:00,003  Starting new HTTP connection (1): 127.0.0.1:5000
2023-01-13 21:01:00,099  http://127.0.0.1:5000 "GET /erp HTTP/1.1" 200 5754
2023-01-13 21:01:00,115  harshit are going to logout!
----------------------------------------------------------------------------------------------------------------------------------
2023-01-16 10:22:34,538  Statring log for harshit 
----------------------------------------------------------------------------------------------------------------------------------
2023-01-16 10:22:34,559  harshit are going to logout!
----------------------------------------------------------------------------------------------------------------------------------
2023-01-16 10:22:50,572  Statring log for harshit 
----------------------------------------------------------------------------------------------------------------------------------
2023-01-16 10:22:50,591  harshit are going to logout!
----------------------------------------------------------------------------------------------------------------------------------
2023-01-16 10:24:11,367  Statring log for harshit 
----------------------------------------------------------------------------------------------------------------------------------
2023-01-16 10:24:11,368  checking 10:24 am for next process
2023-01-16 10:24:11,391  Starting new HTTP connection (1): 127.0.0.1:5000
2023-01-16 10:24:11,808  http://127.0.0.1:5000 "POST /erp HTTP/1.1" 200 5828
2023-01-16 10:24:11,810  [POST] http://127.0.0.1:5000/erp are add new data {'fullname': 'Kapil Pandya', 'email': 'kapilpandya1310@gmail.com', 'phone': '+919847392623', 'pos': 'sd', 'dob': '2000-08-08', 'company': 'Hexaview', 'address': 'Puna'}
2023-01-16 10:24:11,810  checking 10:23 am for next process
2023-01-16 10:24:11,810  10:23 is less then current time
2023-01-16 10:24:11,810  checking 09:01 am for next process
2023-01-16 10:24:11,810  09:01 is less then current time
2023-01-16 10:24:11,828  harshit are going to logout!
----------------------------------------------------------------------------------------------------------------------------------
2023-01-16 10:31:12,077  Statring log for harshit 
----------------------------------------------------------------------------------------------------------------------------------
2023-01-16 10:31:12,077  checking 10:24 am for next process
2023-01-16 10:31:12,081  10:24 is less then current time
2023-01-16 10:31:12,082  checking 10:33 am for next process
2023-01-16 10:31:12,082  harshit are wait for 0 hours : 02 minutes : 00 seconds time for start operation
2023-01-16 10:33:00,010  Starting new HTTP connection (1): 127.0.0.1:5000
2023-01-16 10:33:00,024  http://127.0.0.1:5000 "PUT /erp HTTP/1.1" 405 153
2023-01-16 10:33:00,025  [Error] 405
2023-01-16 10:33:00,025  checking 09:01 am for next process
2023-01-16 10:33:00,025  09:01 is less then current time
2023-01-16 10:33:00,040  End log for harshit after 5:31:47.963095 time
----------------------------------------------------------------------------------------------------------------------------------

2023-01-16 11:38:58,388  Statring log for harshit 
----------------------------------------------------------------------------------------------------------------------------------
2023-01-16 11:38:58,390  checking 10:24 am for next process
2023-01-16 11:38:58,395  10:24 is less then current time
2023-01-16 11:38:58,395  checking 10:33 am for next process
2023-01-16 11:38:58,395  10:33 is less then current time
2023-01-16 11:38:58,395  checking 09:01 am for next process
2023-01-16 11:38:58,396  09:01 is less then current time
2023-01-16 11:38:58,418  harshit are going to logout!
----------------------------------------------------------------------------------------------------------------------------------
2023-01-16 11:39:34,350  Statring log for harshit 
----------------------------------------------------------------------------------------------------------------------------------
2023-01-16 11:39:34,351  checking 10:24 am for next process
2023-01-16 11:39:34,355  10:24 is less then current time
2023-01-16 11:39:34,355  checking 10:33 am for next process
2023-01-16 11:39:34,355  10:33 is less then current time
2023-01-16 11:39:34,356  checking 09:01 am for next process
2023-01-16 11:39:34,356  09:01 is less then current time
2023-01-16 11:39:34,369  End log for harshit after 0:00:00.018508 time
----------------------------------------------------------------------------------------------------------------------------------
2023-01-16 11:39:34,370  harshit are going to logout!
----------------------------------------------------------------------------------------------------------------------------------
2023-01-16 11:40:43,507  Statring log for harshit 
----------------------------------------------------------------------------------------------------------------------------------
2023-01-16 11:41:42,487  checking 10:24 am for next process
2023-01-16 11:42:34,348  10:24 is less then current time
2023-01-16 11:42:40,543  checking 10:33 am for next process
2023-01-16 11:42:46,256  10:33 is less then current time
2023-01-16 11:42:47,694  checking 09:01 am for next process
2023-01-16 11:42:52,313  09:01 is less then current time
2023-01-16 11:43:29,933  Statring log for harshit 
----------------------------------------------------------------------------------------------------------------------------------
2023-01-16 11:43:29,934  checking 10:24 am for next process
2023-01-16 11:43:29,937  10:24 is less then current time
2023-01-16 11:43:29,938  checking 10:33 am for next process
2023-01-16 11:43:29,938  10:33 is less then current time
2023-01-16 11:43:29,938  checking 09:01 am for next process
2023-01-16 11:43:29,938  09:01 is less then current time
2023-01-16 11:43:29,954  harshit are going to logout!
----------------------------------------------------------------------------------------------------------------------------------
2023-01-16 11:44:06,423  Statring log for harshit 
----------------------------------------------------------------------------------------------------------------------------------
2023-01-16 11:44:06,424  checking 11:45 am for next process
2023-01-16 11:44:06,428  harshit are wait for 0 hours : 01 minutes : 00 seconds time for start operation
2023-01-16 11:45:00,008  Starting new HTTP connection (1): 127.0.0.1:5000
2023-01-16 11:45:00,127  http://127.0.0.1:5000 "POST /erp HTTP/1.1" 200 5828
2023-01-16 11:45:00,128  [POST] http://127.0.0.1:5000/erp are add new data {'fullname': 'Kapil Pandya', 'email': 'kapilpandya1310@gmail.com', 'phone': '+919847392623', 'pos': 'sd', 'dob': '2000-08-08', 'company': 'Hexaview', 'address': 'Puna'}
2023-01-16 11:45:00,128  checking 10:33 am for next process
2023-01-16 11:45:00,129  10:33 is less then current time
2023-01-16 11:45:00,129  checking 09:01 am for next process
2023-01-16 11:45:00,129  09:01 is less then current time
2023-01-16 11:45:00,142  harshit are going to logout!
----------------------------------------------------------------------------------------------------------------------------------
2023-01-16 11:51:32,172  Statring log for harshit 
----------------------------------------------------------------------------------------------------------------------------------
2023-01-16 11:52:19,821  harshit are going to logout!
----------------------------------------------------------------------------------------------------------------------------------
2023-01-16 11:52:51,998  Statring log for harshit 
----------------------------------------------------------------------------------------------------------------------------------
2023-01-16 11:53:16,539  checking 11:55 am for next process
2023-01-16 11:53:16,545  harshit are wait for 0 hours : 02 minutes : 00 seconds time for start operation
2023-01-16 11:55:00,006  Starting new HTTP connection (1): 127.0.0.1:5000
2023-01-16 11:55:00,104  http://127.0.0.1:5000 "GET /erp HTTP/1.1" 200 5754
2023-01-16 11:55:00,119  harshit are going to logout!
----------------------------------------------------------------------------------------------------------------------------------
2023-01-16 11:59:52,360  Statring log for harshit 
----------------------------------------------------------------------------------------------------------------------------------
2023-01-16 12:00:39,940  checking 12:03 pm for next process
2023-01-16 12:00:39,977  harshit are going to logout!
----------------------------------------------------------------------------------------------------------------------------------
2023-01-16 12:00:39,977  End log for harshit after 0:00:47.616451 time
----------------------------------------------------------------------------------------------------------------------------------
2023-01-16 12:04:38,373  Statring log for harshit 
----------------------------------------------------------------------------------------------------------------------------------
2023-01-16 12:05:05,564  checking 12:07 pm for next process
2023-01-16 12:05:05,571  harshit are wait for 0 hours : 02 minutes : 00 seconds time for start operation
2023-01-16 12:07:00,007  Starting new HTTP connection (1): 127.0.0.1:5000
2023-01-16 12:07:00,118  http://127.0.0.1:5000 "GET /erp HTTP/1.1" 200 5754
2023-01-16 12:07:00,137  harshit are going to logout!
----------------------------------------------------------------------------------------------------------------------------------
2023-01-16 12:07:00,137  End log for harshit after 0:02:21.763621 time
----------------------------------------------------------------------------------------------------------------------------------
2023-01-16 12:09:10,855  Statring log for harshit 
----------------------------------------------------------------------------------------------------------------------------------
2023-01-16 12:10:53,256  checking 12:11 pm for next process
2023-01-16 12:10:53,261  harshit are wait for 0 hours : 01 minutes : 00 seconds time for start operation
2023-01-16 12:11:00,151  harshit are going to logout!
----------------------------------------------------------------------------------------------------------------------------------
2023-01-16 12:11:00,152  End log for harshit after 0:01:49.297090 time
----------------------------------------------------------------------------------------------------------------------------------
2023-01-16 12:20:10,775  Statring log for harshit 
----------------------------------------------------------------------------------------------------------------------------------
2023-01-16 12:20:34,084  harshit are going to logout!
----------------------------------------------------------------------------------------------------------------------------------
2023-01-16 12:20:34,085  End log for harshit after 0:00:23.309281 time
----------------------------------------------------------------------------------------------------------------------------------
2023-01-16 12:21:16,881  Statring log for harshit 
----------------------------------------------------------------------------------------------------------------------------------
2023-01-16 12:21:35,297  checking 12:23 pm for next process
2023-01-16 12:21:35,301  harshit are wait for 0 hours : 02 minutes : 00 seconds time for start operation
2023-01-16 12:23:00,010  Starting new HTTP connection (1): 127.0.0.1:5000
2023-01-16 12:23:00,150  http://127.0.0.1:5000 "GET /erp HTTP/1.1" 200 5754
2023-01-16 12:23:00,167  harshit are going to logout!
----------------------------------------------------------------------------------------------------------------------------------
2023-01-16 12:23:00,167  End log for harshit after 0:01:43.285294 time
----------------------------------------------------------------------------------------------------------------------------------
2023-01-16 12:25:13,305  Statring log for harshit 
----------------------------------------------------------------------------------------------------------------------------------
2023-01-16 12:26:28,790  checking "12:27" "pm" for next process
2023-01-16 12:27:07,518  Statring log for harshit 
----------------------------------------------------------------------------------------------------------------------------------
2023-01-16 12:27:53,044  checking 12:28 pm for next process
2023-01-16 12:28:18,998  Starting new HTTP connection (1): 127.0.0.1:5000
2023-01-16 12:28:19,144  http://127.0.0.1:5000 "GET /erp HTTP/1.1" 200 5754
2023-01-16 12:34:06,785  Statring log for harshit 
----------------------------------------------------------------------------------------------------------------------------------
2023-01-16 12:34:19,340  harshit are going to logout!
----------------------------------------------------------------------------------------------------------------------------------
2023-01-16 12:34:19,341  End log for harshit after 0:00:12.555350 time
----------------------------------------------------------------------------------------------------------------------------------
2023-01-16 12:45:39,481  Statring log for harshit 
----------------------------------------------------------------------------------------------------------------------------------
2023-01-16 12:45:39,482  checking 12:47 am for next process
2023-01-16 12:45:39,489  harshit are wait for 0 hours : 02 minutes : 00 seconds time for start operation
2023-01-16 12:47:00,011  Starting new HTTP connection (1): 127.0.0.1:5000
2023-01-16 12:47:00,110  http://127.0.0.1:5000 "POST /erp HTTP/1.1" 200 5828
2023-01-16 12:47:00,111  [POST] http://127.0.0.1:5000/erp are add new data {'fullname': 'Kapil Pandya', 'email': 'kapilpandya1310@gmail.com', 'phone': '+919847392623', 'pos': 'sd', 'dob': '2000-08-08', 'company': 'Hexaview', 'address': 'Puna', 'save': ''}
2023-01-16 12:47:00,124  harshit are going to logout!
----------------------------------------------------------------------------------------------------------------------------------
2023-01-16 12:47:00,125  End log for harshit after 0:01:20.643736 time
----------------------------------------------------------------------------------------------------------------------------------
2023-01-16 12:48:25,966  Statring log for harshit 
----------------------------------------------------------------------------------------------------------------------------------
2023-01-16 12:48:25,967  checking 12:49 am for next process
2023-01-16 12:48:25,971  harshit are wait for 0 hours : 01 minutes : 00 seconds time for start operation
2023-01-16 12:49:00,011  Starting new HTTP connection (1): 127.0.0.1:5000
2023-01-16 12:49:00,108  http://127.0.0.1:5000 "POST /erp HTTP/1.1" 200 5828
2023-01-16 12:49:00,110  [POST] http://127.0.0.1:5000/erp are add new data {'fullname': 'Kapil Pandya', 'email': 'kapilpandya1310@gmail.com', 'phone': '+919847392623', 'pos': 'sd', 'dob': '2000-08-08', 'company': 'Hexaview', 'address': 'Puna', 'save': 'Save'}
2023-01-16 12:49:00,123  harshit are going to logout!
----------------------------------------------------------------------------------------------------------------------------------
2023-01-16 12:49:00,124  End log for harshit after 0:00:34.157541 time
----------------------------------------------------------------------------------------------------------------------------------
2023-01-16 13:14:08,460  Statring log for harshit 
----------------------------------------------------------------------------------------------------------------------------------
2023-01-16 13:14:08,462  checking 12:49 am for next process
2023-01-16 13:14:08,467  12:49 is less then current time
2023-01-16 13:14:08,480  harshit are going to logout!
----------------------------------------------------------------------------------------------------------------------------------
2023-01-16 13:14:08,480  End log for harshit after 0:00:00.018989 time
----------------------------------------------------------------------------------------------------------------------------------
2023-01-16 16:31:52,950  Statring log for harshit 
----------------------------------------------------------------------------------------------------------------------------------
2023-01-16 16:31:52,950  checking 12:49 am for next process
2023-01-16 16:31:52,954  12:49 is less then current time
2023-01-16 16:31:52,967  harshit are going to logout!
----------------------------------------------------------------------------------------------------------------------------------
2023-01-16 16:31:52,967  End log for harshit after 0:00:00.016991 time
----------------------------------------------------------------------------------------------------------------------------------
2023-01-16 16:32:23,711  Statring log for harshit 
----------------------------------------------------------------------------------------------------------------------------------
2023-01-16 16:32:26,345  harshit are going to logout!
----------------------------------------------------------------------------------------------------------------------------------
2023-01-16 16:32:26,346  End log for harshit after 0:00:02.635735 time
----------------------------------------------------------------------------------------------------------------------------------
2023-01-16 16:37:00,136  Statring log for harshit 
----------------------------------------------------------------------------------------------------------------------------------
2023-01-16 16:37:29,926  checking 04:38 pm for next process
2023-01-16 16:37:29,932  harshit are wait for 0 hours : 01 minutes : 00 seconds time for start operation
2023-01-16 16:38:00,018  Starting new HTTP connection (1): 127.0.0.1:5000
2023-01-16 16:38:00,593  http://127.0.0.1:5000 "GET /erp HTTP/1.1" 200 5754
2023-01-16 16:38:00,613  harshit are going to logout!
----------------------------------------------------------------------------------------------------------------------------------
2023-01-16 16:38:00,613  End log for harshit after 0:01:00.476557 time
----------------------------------------------------------------------------------------------------------------------------------
